Started by user [8mha:////4I7Rs/IxM0/SuROYZsgFLw0udYrFra85Iny+v/lvb3OiAAAAoh+LCAAAAAAAAP9b85aBtbiIQTGjNKU4P08vOT+vOD8nVc83PyU1x6OyILUoJzMv2y+/JJUBAhiZGBgqihhk0NSjKDWzXb3RdlLBUSYGJk8GtpzUvPSSDB8G5tKinBIGIZ+sxLJE/ZzEvHT94JKizLx0a6BxUmjGOUNodHsLgAyBEgYx/dLi1CL9jNS8vMSUzEy94oyy1JTsfAAyLrvrywAAAA==[0mHennadii Shvedko
ln -s builds/lastSuccessfulBuild /var/jenkins_home/jobs/test/lastSuccessful failed: 71 Protocol error
ln -s builds/lastStableBuild /var/jenkins_home/jobs/test/lastStable failed: 71 Protocol error
Building in workspace /var/jenkins_home/workspace/test
Cloning the remote Git repository
Cloning repository https://github.com/h-shvedko/phpquickformPHP7.git
 > git init /var/jenkins_home/workspace/test # timeout=10
Fetching upstream changes from https://github.com/h-shvedko/phpquickformPHP7.git
 > git --version # timeout=10
using GIT_ASKPASS to set credentials 
 > git fetch --tags --progress https://github.com/h-shvedko/phpquickformPHP7.git +refs/heads/*:refs/remotes/origin/*
 > git config remote.origin.url https://github.com/h-shvedko/phpquickformPHP7.git # timeout=10
 > git config --add remote.origin.fetch +refs/heads/*:refs/remotes/origin/* # timeout=10
 > git config remote.origin.url https://github.com/h-shvedko/phpquickformPHP7.git # timeout=10
Fetching upstream changes from https://github.com/h-shvedko/phpquickformPHP7.git
using GIT_ASKPASS to set credentials 
 > git fetch --tags --progress https://github.com/h-shvedko/phpquickformPHP7.git +refs/heads/*:refs/remotes/origin/*
 > git rev-parse refs/remotes/origin/master^{commit} # timeout=10
 > git rev-parse refs/remotes/origin/origin/master^{commit} # timeout=10
Checking out Revision 8f3f633182bd3a98d15eee64561b25ffa8d560fa (refs/remotes/origin/master)
 > git config core.sparsecheckout # timeout=10
 > git checkout -f 8f3f633182bd3a98d15eee64561b25ffa8d560fa
First time build. Skipping changelog.
ERROR: Unable to find build script at /var/jenkins_home/workspace/test/build.xml
[8mha:////4PZhMXGV3MHgAuyRIpNOw+FgfpZaZeOzg3PPZiHW1pRpAAAAVx+LCAAAAAAAAP9b85aBtbiIQSmjNKU4P08vOT+vOD8nVc8DzHWtSE4tKMnMz/PLL0mV3NWzufebKBsTA0NFEYMUmgZnCA1SyAABjCCFBQC2xNaiYAAAAA==[0m[WARNINGS] Parsing warnings in console log with parser PHP Runtime
[CHECKSTYLE] Collecting checkstyle analysis files...
[CHECKSTYLE] Searching for all files in /var/jenkins_home/workspace/test that match the pattern build/logs/checkstyle.xml
[CHECKSTYLE] No files found. Configuration error?
[PMD] Collecting PMD analysis files...
[PMD] Searching for all files in /var/jenkins_home/workspace/test that match the pattern build/logs/pmd.xml
[PMD] No files found. Configuration error?
[DRY] Collecting duplicate code analysis files...
[DRY] Searching for all files in /var/jenkins_home/workspace/test that match the pattern build/logs/pmd-cpd.xml
[DRY] No files found. Configuration error?
Recording plot data
Publishing Clover coverage report...
Clover xml file does not exist in: /var/jenkins_home/workspace/test called: build/logs/clover.xml and will not be copied to: /var/jenkins_home/jobs/test/builds/1/cloverphp/clover.xml
Could not find 'build/coverage/build/logs/clover.xml'.  Did you generate the XML report for Clover?
[CRAP4J] Collecting Crap4J analysis files...
[CRAP4J] Searching for report files within build/logs/crap4j.xml
[CRAP4J] Using the new FileSetBuilder
[CRAP4J] No crap4j report files were found. Configuration error?
Build step 'Report Crap' marked build as failure
[htmlpublisher] Archiving HTML reports...
[htmlpublisher] Archiving at BUILD level /var/jenkins_home/workspace/test/build/api to /var/jenkins_home/jobs/test/builds/1/htmlreports/API_Documentation
ERROR: Specified HTML directory '/var/jenkins_home/workspace/test/build/api' does not exist.
[8mha:////4PZhMXGV3MHgAuyRIpNOw+FgfpZaZeOzg3PPZiHW1pRpAAAAVx+LCAAAAAAAAP9b85aBtbiIQSmjNKU4P08vOT+vOD8nVc8DzHWtSE4tKMnMz/PLL0mV3NWzufebKBsTA0NFEYMUmgZnCA1SyAABjCCFBQC2xNaiYAAAAA==[0m[xUnit] [INFO] - Starting to record.
[xUnit] [INFO] - Processing PHPUnit-3.x (default)
[xUnit] [INFO] - [PHPUnit-3.x (default)] - No test report file(s) were found with the pattern 'build/logs/junit.xml' relative to '/var/jenkins_home/workspace/test' for the testing framework 'PHPUnit-3.x (default)'.  Did you enter a pattern relative to the correct directory?  Did you generate the result report(s) for 'PHPUnit-3.x (default)'?
[xUnit] [ERROR] - No test reports found for the metric 'PHPUnit' with the resolved pattern 'build/logs/junit.xml'. Configuration error?.
[xUnit] [INFO] - Failing BUILD.
[xUnit] [INFO] - There are errors when processing test results.
[xUnit] [INFO] - Skipping tests recording.
[xUnit] [INFO] - Stop build.
[JDepend] JDepend plugin is ready
[JDepend] Couldn't generate JDepend file at 'build/logs/jdepend.xml'java.io.FileNotFoundException: /var/jenkins_home/workspace/test/build/logs/jdepend.xml (No such file or directory)
Finished: FAILURE
